1610938438682	geckodriver	INFO	Listening on 127.0.0.1:45187
1610938439504	mozrunner::runner	INFO	Running command: "/usr/bin/firefox" "--marionette" "-foreground" "-no-remote" "-profile" "/tmp/rust_mozprofileuELwKc"
console.warn: SearchSettings: "get: No settings file exists, new profile?" (new Error("", "(unknown module)"))
1610938442026	Marionette	INFO	Listening on port 33969
1610938442140	Marionette	WARN	TLS certificate errors will be ignored for this session
1610938487184	Marionette	INFO	Stopped listening on port 33969
1610938766104	geckodriver	INFO	Listening on 127.0.0.1:46281
1610938766927	mozrunner::runner	INFO	Running command: "/usr/bin/firefox" "--marionette" "-foreground" "-no-remote" "-profile" "/tmp/rust_mozprofilev1kF7N"
console.warn: SearchSettings: "get: No settings file exists, new profile?" (new Error("", "(unknown module)"))
1610938769149	Marionette	INFO	Listening on port 36835
1610938769252	Marionette	WARN	TLS certificate errors will be ignored for this session
1610938782629	Marionette	INFO	Stopped listening on port 36835
1610939054731	geckodriver	INFO	Listening on 127.0.0.1:35239
1610939055495	mozrunner::runner	INFO	Running command: "/usr/bin/firefox" "--marionette" "-foreground" "-no-remote" "-profile" "/tmp/rust_mozprofile9FQrBe"
console.warn: SearchSettings: "get: No settings file exists, new profile?" (new Error("", "(unknown module)"))
1610939057908	Marionette	INFO	Listening on port 39325
1610939058018	Marionette	WARN	TLS certificate errors will be ignored for this session
1610939073788	Marionette	INFO	Stopped listening on port 39325
1610939114408	geckodriver	INFO	Listening on 127.0.0.1:33451
1610939115291	mozrunner::runner	INFO	Running command: "/usr/bin/firefox" "--marionette" "-foreground" "-no-remote" "-profile" "/tmp/rust_mozprofileFVWeh4"
console.warn: SearchSettings: "get: No settings file exists, new profile?" (new Error("", "(unknown module)"))
1610939117485	Marionette	INFO	Listening on port 43659
1610939117517	Marionette	WARN	TLS certificate errors will be ignored for this session
1610939131747	Marionette	INFO	Stopped listening on port 43659
1610939243409	geckodriver	INFO	Listening on 127.0.0.1:50569
1610939244316	mozrunner::runner	INFO	Running command: "/usr/bin/firefox" "--marionette" "-foreground" "-no-remote" "-profile" "/tmp/rust_mozprofileFnNihH"
console.warn: SearchSettings: "get: No settings file exists, new profile?" (new Error("", "(unknown module)"))
1610939246601	Marionette	INFO	Listening on port 39673
1610939246644	Marionette	WARN	TLS certificate errors will be ignored for this session
1610939259493	Marionette	INFO	Stopped listening on port 39673
1610979630958	geckodriver	INFO	Listening on 127.0.0.1:47363
1610979631554	mozrunner::runner	INFO	Running command: "/usr/bin/firefox" "--marionette" "-foreground" "-no-remote" "-profile" "/tmp/rust_mozprofile2NTpZc"
console.warn: SearchSettings: "get: No settings file exists, new profile?" (new Error("", "(unknown module)"))
1610979634058	Marionette	INFO	Listening on port 35151
1610979634110	Marionette	WARN	TLS certificate errors will be ignored for this session
1610979675437	Marionette	INFO	Stopped listening on port 35151
1610980115286	geckodriver	INFO	Listening on 127.0.0.1:46189
1610980116633	mozrunner::runner	INFO	Running command: "/usr/bin/firefox" "--marionette" "-foreground" "-no-remote" "-profile" "/tmp/rust_mozprofiledMC2Kf"
console.warn: SearchSettings: "get: No settings file exists, new profile?" (new Error("", "(unknown module)"))
1610980119233	Marionette	INFO	Listening on port 35163
1610980119274	Marionette	WARN	TLS certificate errors will be ignored for this session
console.error: Region.jsm: "Error fetching region" (new Error("TIMEOUT", "resource://gre/modules/Region.jsm", 726))
console.error: Region.jsm: "Failed to fetch region" (new Error("TIMEOUT", "resource://gre/modules/Region.jsm", 376))
1610980139129	Marionette	INFO	Stopped listening on port 35163
